build/outputs/logs/manifest-merger-debug-report.txt
-- Merging decision tree log ---
manifest
ADDED from ProFashVidCallSinch\AndroidManifest.xml:2:1-43:12
	package
		ADDED from ProFashVidCallSinch\AndroidManifest.xml:3:11-55
	android:versionName
		ADDED from ProFashVidCallSinch\AndroidManifest.xml:5:11-36
		INJECTED from ProFashVidCallSinch\AndroidManifest.xml
		INJECTED from ProFashVidCallSinch\AndroidManifest.xml
	android:versionCode
		ADDED from ProFashVidCallSinch\AndroidManifest.xml:4:11-34
		INJECTED from ProFashVidCallSinch\AndroidManifest.xml
		INJECTED from ProFashVidCallSinch\AndroidManifest.xml
	xmlns:android
		ADDED from ProFashVidCallSinch\AndroidManifest.xml:2:11-69
uses-feature#android.hardware.microphone
ADDED from ProFashVidCallSinch\AndroidManifest.xml:7:5-9:39
	android:required
		ADDED from ProFashVidCallSinch\AndroidManifest.xml:9:13-37
	android:name
		ADDED from ProFashVidCallSinch\AndroidManifest.xml:8:13-55
uses-permission#android.permission.INTERNET
ADDED from ProFashVidCallSinch\AndroidManifest.xml:11:5-66
	android:name
		ADDED from ProFashVidCallSinch\AndroidManifest.xml:11:22-64
uses-permission#android.permission.RECORD_AUDIO
ADDED from ProFashVidCallSinch\AndroidManifest.xml:12:5-70
	android:name
		ADDED from ProFashVidCallSinch\AndroidManifest.xml:12:22-68
uses-permission#android.permission.MODIFY_AUDIO_SETTINGS
ADDED from ProFashVidCallSinch\AndroidManifest.xml:13:5-79
	android:name
		ADDED from ProFashVidCallSinch\AndroidManifest.xml:13:22-77
uses-permission#android.permission.READ_PHONE_STATE
ADDED from ProFashVidCallSinch\AndroidManifest.xml:14:5-74
	android:name
		ADDED from ProFashVidCallSinch\AndroidManifest.xml:14:22-72
uses-permission#android.permission.ACCESS_NETWORK_STATE
ADDED from ProFashVidCallSinch\AndroidManifest.xml:15:5-78
	android:name
		ADDED from ProFashVidCallSinch\AndroidManifest.xml:15:22-76
uses-permission#android.permission.CAMERA
ADDED from ProFashVidCallSinch\AndroidManifest.xml:16:5-64
	android:name
		ADDED from ProFashVidCallSinch\AndroidManifest.xml:16:22-62
uses-sdk
ADDED from ProFashVidCallSinch\AndroidManifest.xml:18:5-20:44
	android:targetSdkVersion
		ADDED from ProFashVidCallSinch\AndroidManifest.xml:20:13-42
		INJECTED from ProFashVidCallSinch\AndroidManifest.xml
		INJECTED from ProFashVidCallSinch\AndroidManifest.xml
	android:minSdkVersion
		ADDED from ProFashVidCallSinch\AndroidManifest.xml:19:13-38
		INJECTED from ProFashVidCallSinch\AndroidManifest.xml
		INJECTED from ProFashVidCallSinch\AndroidManifest.xml
application
ADDED from ProFashVidCallSinch\AndroidManifest.xml:22:5-41:19
	android:label
		ADDED from ProFashVidCallSinch\AndroidManifest.xml:25:13-45
	android:allowBackup
		ADDED from ProFashVidCallSinch\AndroidManifest.xml:23:13-39
	android:icon
		ADDED from ProFashVidCallSinch\AndroidManifest.xml:24:13-42
	android:theme
		ADDED from ProFashVidCallSinch\AndroidManifest.xml:26:13-44
service#com.sinch.android.rtc.sample.video.SinchService
ADDED from ProFashVidCallSinch\AndroidManifest.xml:27:9-57
	android:name
		ADDED from ProFashVidCallSinch\AndroidManifest.xml:27:18-46
activity#com.sinch.android.rtc.sample.video.LoginActivity
ADDED from ProFashVidCallSinch\AndroidManifest.xml:28:9-36:20
	android:screenOrientation
		ADDED from ProFashVidCallSinch\AndroidManifest.xml:31:17-53
	android:label
		ADDED from ProFashVidCallSinch\AndroidManifest.xml:30:17-49
	android:name
		ADDED from ProFashVidCallSinch\AndroidManifest.xml:29:17-46
intent-filter#android.intent.action.MAIN+android.intent.category.LAUNCHER
ADDED from ProFashVidCallSinch\AndroidManifest.xml:32:13-35:29
action#android.intent.action.MAIN
ADDED from ProFashVidCallSinch\AndroidManifest.xml:33:17-68
	android:name
		ADDED from ProFashVidCallSinch\AndroidManifest.xml:33:25-66
category#android.intent.category.LAUNCHER
ADDED from ProFashVidCallSinch\AndroidManifest.xml:34:17-76
	android:name
		ADDED from ProFashVidCallSinch\AndroidManifest.xml:34:27-74
activity#com.sinch.android.rtc.sample.video.CallScreenActivity
ADDED from ProFashVidCallSinch\AndroidManifest.xml:37:9-55
	android:name
		ADDED from ProFashVidCallSinch\AndroidManifest.xml:37:19-53
activity#com.sinch.android.rtc.sample.video.IncomingCallScreenActivity
ADDED from ProFashVidCallSinch\AndroidManifest.xml:38:9-39:45
	android:screenOrientation
		ADDED from ProFashVidCallSinch\AndroidManifest.xml:38:62-98
	android:noHistory
		ADDED from ProFashVidCallSinch\AndroidManifest.xml:39:19-43
	android:name
		ADDED from ProFashVidCallSinch\AndroidManifest.xml:38:19-61
activity#com.sinch.android.rtc.sample.video.PlaceCallActivity
ADDED from ProFashVidCallSinch\AndroidManifest.xml:40:9-91
	android:screenOrientation
		ADDED from ProFashVidCallSinch\AndroidManifest.xml:40:53-89
	android:name
		ADDED from ProFashVidCallSinch\AndroidManifest.xml:40:19-52